<?xml version="1.0" encoding="UTF-8"?>
<!-- Generated by org.testng.reporters.JUnitReportReporter -->
<testsuite hostname="TYSS-Madhumitha" failures="0" tests="3" name="com.testng.example.BatchTest1" time="0.004" errors="0" timestamp="2025-04-18T17:36:02 IST" skipped="0">
  <testcase classname="com.testng.example.BatchTest1" name="test3" time="0.001"/>
  <testcase classname="com.testng.example.BatchTest1" name="test2" time="0.001"/>
  <testcase classname="com.testng.example.BatchTest1" name="test1" time="0.002"/>
</testsuite> <!-- com.testng.example.BatchTest1 -->
