<?xml version="1.0" encoding="UTF-8"?>
<!-- Generated by org.testng.reporters.JUnitReportReporter -->
<testsuite hostname="TYSS-Madhumitha" failures="0" tests="2" name="com.testng.example.BatchTest2" time="200.034" errors="0" timestamp="2025-04-18T17:36:02 IST" skipped="0">
  <testcase classname="com.testng.example.BatchTest2" name="demo2" time="100.014"/>
  <testcase classname="com.testng.example.BatchTest2" name="demo1" time="100.020"/>
</testsuite> <!-- com.testng.example.BatchTest2 -->
