<?xml version="1.0" encoding="UTF-8"?>
<!-- Generated by org.testng.reporters.JUnitReportReporter -->
<testsuite hostname="TYSS-Madhumitha" failures="0" tests="1" name="com.testng.example.SampleTest" time="0.005" errors="0" timestamp="2025-04-17T16:06:39 IST" skipped="0">
  <testcase classname="com.testng.example.SampleTest" name="demo1" time="0.005"/>
</testsuite> <!-- com.testng.example.SampleTest -->
