<?xml version="1.0" encoding="UTF-8"?>
<!-- Generated by org.testng.reporters.JUnitReportReporter -->
<testsuite hostname="TYSS-Madhumitha" failures="0" tests="2" name="com.testng.example.DummyTest" time="0.005" errors="0" timestamp="2025-04-15T15:18:07 IST" skipped="0">
  <testcase classname="com.testng.example.DummyTest" name="dummy1" time="0.003"/>
  <testcase classname="com.testng.example.DummyTest" name="dummy" time="0.002"/>
</testsuite> <!-- com.testng.example.DummyTest -->
