<?xml version="1.0" encoding="UTF-8"?>
<!-- Generated by org.testng.reporters.JUnitReportReporter -->
<testsuite hostname="TYSS-Madhumitha" failures="0" tests="1" name="com.testng.example.Parallel_Test" time="0.007" errors="0" timestamp="2025-04-18T17:32:11 IST" skipped="0">
  <testcase classname="com.testng.example.Parallel_Test" name="parallel" time="0.007"/>
</testsuite> <!-- com.testng.example.Parallel_Test -->
